2024-06-26 21:06:892 INFO  ManageBrowser :32 - Chrome Browser Launch.....
2024-06-26 21:06:04 INFO  ManageBrowser :32 - Chrome Browser Launch.....
2024-06-26 21:06:264 INFO  BuyPage :19 - click on buy and sell tab[[ChromeDriver: chrome on windows (50c0b2feb7730b6f36411b0e93a99ca4)] -> xpath: //a[contains(text(),'buy + sell')]]
2024-06-26 21:06:987 INFO  ManageBrowser :32 - Chrome Browser Launch.....
2024-06-26 21:06:305 INFO  BuyPage :19 - click on buy and sell tab[[ChromeDriver: chrome on windows (2470a616fb6260d21bec42a591fc0c5c)] -> xpath: //a[contains(text(),'buy + sell')]]
2024-06-26 22:06:216 INFO  ManageBrowser :32 - Chrome Browser Launch.....
2024-06-26 22:06:830 INFO  ManageBrowser :32 - Chrome Browser Launch.....
2024-06-26 22:06:622 INFO  BuyPage :19 - click on buy and sell tab[[ChromeDriver: chrome on windows (43c83b8c78313d580beffc449c68ee35)] -> xpath: //a[contains(text(),'buy + sell')]]
2024-06-26 22:06:837 INFO  ManageBrowser :32 - Chrome Browser Launch.....
2024-06-26 22:06:817 INFO  ManageBrowser :32 - Chrome Browser Launch.....
2024-06-26 22:06:462 INFO  BuyPage :19 - click on buy and sell tab[[ChromeDriver: chrome on windows (706fde646f06d6b438971754dd5077c3)] -> xpath: //a[contains(text(),'buy + sell')]]
2024-06-26 22:06:652 INFO  BuyPage :28 - click on new car[[ChromeDriver: chrome on windows (706fde646f06d6b438971754dd5077c3)] -> xpath: //a[@href='/buy-a-car/new-car-search']]
2024-06-26 22:06:971 INFO  ManageBrowser :32 - Chrome Browser Launch.....
2024-06-26 22:06:715 INFO  BuyPage :19 - click on buy and sell tab[[ChromeDriver: chrome on windows (f12ea21987e7e970ac88487fd019d886)] -> xpath: //a[contains(text(),'buy + sell')]]
2024-06-26 22:06:943 INFO  BuyPage :28 - click on new car[[ChromeDriver: chrome on windows (f12ea21987e7e970ac88487fd019d886)] -> xpath: //a[@href='/buy-a-car/new-car-search']]
2024-06-26 22:06:759 INFO  ManageBrowser :32 - Chrome Browser Launch.....
2024-06-26 22:06:327 INFO  ManageBrowser :32 - Chrome Browser Launch.....
2024-06-26 22:06:734 INFO  BuyPage :19 - click on buy and sell tab[[ChromeDriver: chrome on windows (f8201c9bdb18c01e07d133654a59436c)] -> xpath: //a[contains(text(),'buy + sell')]]
2024-06-26 22:06:362 INFO  BuyPage :28 - click on new car[[ChromeDriver: chrome on windows (f8201c9bdb18c01e07d133654a59436c)] -> xpath: //a[@href='/buy-a-car/new-car-search']]
2024-06-26 22:06:827 INFO  ManageBrowser :32 - Chrome Browser Launch.....
2024-06-26 22:06:222 INFO  ManageBrowser :32 - Chrome Browser Launch.....
2024-06-26 22:06:559 INFO  BuyPage :20 - click on buy and sell tab[[ChromeDriver: chrome on windows (04b3cb23082e182452ad7b0384869fea)] -> xpath: //a[contains(text(),'buy + sell')]]
2024-06-26 22:06:535 INFO  BuyPage :29 - click on new car[[ChromeDriver: chrome on windows (04b3cb23082e182452ad7b0384869fea)] -> xpath: //a[@href='/buy-a-car/new-car-search']]
2024-06-26 22:06:359 INFO  ManageBrowser :32 - Chrome Browser Launch.....
2024-06-26 22:06:490 INFO  ManageBrowser :32 - Chrome Browser Launch.....
2024-06-26 22:06:299 INFO  BuyPage :20 - click on buy and sell tab[[ChromeDriver: chrome on windows (15e35c8a098fac2572bf3b40acec56f2)] -> xpath: //a[contains(text(),'buy + sell')]]
2024-06-26 22:06:921 INFO  BuyPage :29 - click on new car[[ChromeDriver: chrome on windows (15e35c8a098fac2572bf3b40acec56f2)] -> xpath: //a[@href='/buy-a-car/new-car-search']]
2024-06-26 22:06:481 INFO  ManageBrowser :32 - Chrome Browser Launch.....
2024-06-26 22:06:695 INFO  ManageBrowser :32 - Chrome Browser Launch.....
2024-06-26 22:06:535 INFO  BuyPage :20 - click on buy and sell tab[[ChromeDriver: chrome on windows (14aaea268f958db0840baa99cc84baf5)] -> xpath: //a[contains(text(),'buy + sell')]]
2024-06-26 22:06:980 INFO  BuyPage :29 - click on new car[[ChromeDriver: chrome on windows (14aaea268f958db0840baa99cc84baf5)] -> xpath: //a[@href='/buy-a-car/new-car-search']]
2024-06-26 22:06:824 INFO  ManageBrowser :32 - Chrome Browser Launch.....
2024-06-26 22:06:710 INFO  ManageBrowser :32 - Chrome Browser Launch.....
2024-06-26 22:06:397 INFO  BuyPage :20 - click on buy and sell tab[[ChromeDriver: chrome on windows (19ead983516d24dc7fc898c353393b9b)] -> xpath: //a[contains(text(),'buy + sell')]]
2024-06-26 22:06:958 INFO  ManageBrowser :32 - Chrome Browser Launch.....
2024-06-26 22:06:595 INFO  BuyPage :20 - click on buy and sell tab[[ChromeDriver: chrome on windows (3ae6d3d66387d5d7366516612345b939)] -> xpath: //a[contains(text(),'buy + sell')]]
2024-06-26 22:06:878 INFO  ManageBrowser :32 - Chrome Browser Launch.....
2024-06-26 22:06:435 INFO  BuyPage :20 - click on buy and sell tab[[ChromeDriver: chrome on windows (96df1c17d3579c04eeb20bf16f06bafe)] -> xpath: //a[contains(text(),'buy + sell')]]
2024-06-26 22:06:932 INFO  ManageBrowser :32 - Chrome Browser Launch.....
2024-06-26 22:06:467 INFO  BuyPage :20 - click on buy and sell tab[[ChromeDriver: chrome on windows (a515ea83c295a64c766e2cd0fab324b4)] -> xpath: //a[contains(text(),'buy + sell')]]
2024-06-26 22:06:622 INFO  BuyPage :29 - click on new car[[ChromeDriver: chrome on windows (a515ea83c295a64c766e2cd0fab324b4)] -> xpath: //a[@href='/buy-a-car/new-car-search']]
2024-06-26 22:06:852 INFO  ManageBrowser :32 - Chrome Browser Launch.....
2024-06-26 22:06:540 INFO  BuyPage :20 - click on buy and sell tab[[ChromeDriver: chrome on windows (a392f9e846eedc01ca3db3681467d168)] -> xpath: //a[contains(text(),'buy + sell')]]
2024-06-26 22:06:538 INFO  BuyPage :29 - click on new car[[ChromeDriver: chrome on windows (a392f9e846eedc01ca3db3681467d168)] -> xpath: //a[@href='/buy-a-car/new-car-search']]
2024-06-26 22:06:79 INFO  BuyPage :39 - select make[[ChromeDriver: chrome on windows (a392f9e846eedc01ca3db3681467d168)] -> xpath: //select[@id='make']]
2024-06-26 22:06:11 INFO  ManageBrowser :32 - Chrome Browser Launch.....
2024-06-26 22:06:975 INFO  ManageBrowser :32 - Chrome Browser Launch.....
2024-06-26 22:06:647 INFO  BuyPage :20 - click on buy and sell tab[[ChromeDriver: chrome on windows (50de75da66dbddb5c3df887923d26640)] -> xpath: //a[contains(text(),'buy + sell')]]
2024-06-26 22:06:988 INFO  ManageBrowser :32 - Chrome Browser Launch.....
2024-06-26 22:06:339 INFO  BuyPage :20 - click on buy and sell tab[[ChromeDriver: chrome on windows (44e886d54261ecfbc7eab65eca1886d5)] -> xpath: //a[contains(text(),'buy + sell')]]
2024-06-26 22:06:46 INFO  ManageBrowser :32 - Chrome Browser Launch.....
2024-06-26 22:06:699 INFO  ManageBrowser :32 - Chrome Browser Launch.....
2024-06-26 22:06:66 INFO  BuyPage :20 - click on buy and sell tab[[ChromeDriver: chrome on windows (bbe91d8756391f4eb74b669a0e391029)] -> xpath: //a[contains(text(),'buy + sell')]]
2024-06-26 22:06:75 INFO  BuyPage :29 - click on new car[[ChromeDriver: chrome on windows (bbe91d8756391f4eb74b669a0e391029)] -> xpath: //a[@href='/buy-a-car/new-car-search']]
2024-06-26 22:06:671 INFO  BuyPage :39 - select make[[ChromeDriver: chrome on windows (bbe91d8756391f4eb74b669a0e391029)] -> xpath: //select[@id='make']]
2024-06-26 22:06:213 INFO  ManageBrowser :32 - Chrome Browser Launch.....
2024-06-26 23:06:252 INFO  ManageBrowser :32 - Chrome Browser Launch.....
2024-06-26 23:06:716 INFO  BuyPage :20 - click on buy and sell tab[[ChromeDriver: chrome on windows (090934564b1c5e356f382c278c023441)] -> xpath: //a[contains(text(),'buy + sell')]]
2024-06-26 23:06:536 INFO  ManageBrowser :32 - Chrome Browser Launch.....
2024-06-26 23:06:287 INFO  ManageBrowser :32 - Chrome Browser Launch.....
2024-06-26 23:06:898 INFO  BuyPage :20 - click on buy and sell tab[[ChromeDriver: chrome on windows (d651cd21a87377fbb6dc4b5dc0c2285a)] -> xpath: //a[contains(text(),'buy + sell')]]
2024-06-26 23:06:522 INFO  ManageBrowser :32 - Chrome Browser Launch.....
2024-06-26 23:06:813 INFO  BuyPage :20 - click on buy and sell tab[[ChromeDriver: chrome on windows (952f58b9e2d386583a1385d2ba8db1cd)] -> xpath: //a[contains(text(),'buy + sell')]]
2024-06-26 23:06:40 INFO  ManageBrowser :32 - Chrome Browser Launch.....
2024-06-26 23:06:732 INFO  ManageBrowser :32 - Chrome Browser Launch.....
2024-06-26 23:06:252 INFO  BuyPage :20 - click on buy and sell tab[[ChromeDriver: chrome on windows (3cb73d8033eaed0e1b5f5fb07cc338c0)] -> xpath: //a[contains(text(),'buy + sell')]]
2024-06-26 23:06:600 INFO  ManageBrowser :32 - Chrome Browser Launch.....
2024-06-26 23:06:849 INFO  BuyPage :20 - click on buy and sell tab[[ChromeDriver: chrome on windows (6b722518050a3ebb290c322cf5525814)] -> xpath: //a[contains(text(),'buy + sell')]]
2024-06-26 23:06:599 INFO  ManageBrowser :32 - Chrome Browser Launch.....
2024-06-26 23:06:660 INFO  BuyPage :20 - click on buy and sell tab[[ChromeDriver: chrome on windows (1ced7dac907697eb78ef5fe2ff818236)] -> xpath: //a[contains(text(),'buy + sell')]]
2024-06-26 23:06:411 INFO  ManageBrowser :32 - Chrome Browser Launch.....
2024-06-26 23:06:844 INFO  BuyPage :20 - click on buy and sell tab[[ChromeDriver: chrome on windows (2d7b20262836c76d446b192fb991dbe9)] -> xpath: //a[contains(text(),'buy + sell')]]
2024-06-26 23:06:360 INFO  BuyPage :29 - click on new car[[ChromeDriver: chrome on windows (2d7b20262836c76d446b192fb991dbe9)] -> xpath: //a[@href='/buy-a-car/new-car-search']]
2024-06-26 23:06:638 INFO  BuyPage :40 - select make[[ChromeDriver: chrome on windows (2d7b20262836c76d446b192fb991dbe9)] -> xpath: //select[@id='make']]
2024-06-26 23:06:828 INFO  BuyPage :49 - select model[[ChromeDriver: chrome on windows (2d7b20262836c76d446b192fb991dbe9)] -> xpath: //select[@id='model']]
2024-06-26 23:06:14 INFO  BuyPage :58 - select state[[ChromeDriver: chrome on windows (2d7b20262836c76d446b192fb991dbe9)] -> xpath: //select[@id='state']]
2024-06-26 23:06:886 INFO  ManageBrowser :32 - Chrome Browser Launch.....
2024-06-26 23:06:619 INFO  ManageBrowser :32 - Chrome Browser Launch.....
2024-06-26 23:06:959 INFO  BuyPage :20 - click on buy and sell tab[[ChromeDriver: chrome on windows (b7616cf6a9b7534af6f73104f4984a15)] -> xpath: //a[contains(text(),'buy + sell')]]
2024-06-26 23:06:65 INFO  ManageBrowser :32 - Chrome Browser Launch.....
2024-06-26 23:06:599 INFO  ManageBrowser :32 - Chrome Browser Launch.....
2024-06-26 23:06:770 INFO  BuyPage :20 - click on buy and sell tab[[ChromeDriver: chrome on windows (1dd48e99a0e2b8edb5cb78b53a3f3be7)] -> xpath: //a[contains(text(),'buy + sell')]]
2024-06-26 23:06:949 INFO  ManageBrowser :32 - Chrome Browser Launch.....
2024-06-26 23:06:625 INFO  BuyPage :20 - click on buy and sell tab[[ChromeDriver: chrome on windows (1233245d2ebcf7acee3b0548ca8994f2)] -> xpath: //a[contains(text(),'buy + sell')]]
2024-06-26 23:06:354 INFO  BuyPage :29 - click on new car[[ChromeDriver: chrome on windows (1233245d2ebcf7acee3b0548ca8994f2)] -> xpath: //a[@href='/buy-a-car/new-car-search']]
2024-06-26 23:06:335 INFO  BuyPage :40 - select make[[ChromeDriver: chrome on windows (1233245d2ebcf7acee3b0548ca8994f2)] -> xpath: //select[@id='make']]
2024-06-26 23:06:404 INFO  ManageBrowser :32 - Chrome Browser Launch.....
2024-06-26 23:06:932 INFO  ManageBrowser :32 - Chrome Browser Launch.....
2024-06-26 23:06:120 INFO  BuyPage :20 - click on buy and sell tab[[ChromeDriver: chrome on windows (8f2214c4610aa0a25df8ac1f14fffbf1)] -> xpath: //a[contains(text(),'buy + sell')]]
2024-06-26 23:06:915 INFO  BuyPage :29 - click on new car[[ChromeDriver: chrome on windows (8f2214c4610aa0a25df8ac1f14fffbf1)] -> xpath: //a[@href='/buy-a-car/new-car-search']]
2024-06-26 23:06:783 INFO  BuyPage :40 - select make[[ChromeDriver: chrome on windows (8f2214c4610aa0a25df8ac1f14fffbf1)] -> xpath: //select[@id='make']]
2024-06-26 23:06:965 INFO  BuyPage :49 - select model[[ChromeDriver: chrome on windows (8f2214c4610aa0a25df8ac1f14fffbf1)] -> xpath: //select[@id='model']]
2024-06-26 23:06:139 INFO  BuyPage :58 - select state[[ChromeDriver: chrome on windows (8f2214c4610aa0a25df8ac1f14fffbf1)] -> xpath: //select[@id='state']]
2024-06-26 23:06:284 INFO  BuyPage :69 - enter price[[ChromeDriver: chrome on windows (8f2214c4610aa0a25df8ac1f14fffbf1)] -> xpath: //select[@id='priceTo']]
2024-06-26 23:06:484 INFO  ManageBrowser :32 - Chrome Browser Launch.....
2024-06-26 23:06:660 INFO  ManageBrowser :32 - Chrome Browser Launch.....
2024-06-26 23:06:20 INFO  BuyPage :20 - click on buy and sell tab[[ChromeDriver: chrome on windows (ddb9762f9050bb8d5a4536720270547b)] -> xpath: //a[contains(text(),'buy + sell')]]
2024-06-26 23:06:876 INFO  BuyPage :29 - click on new car[[ChromeDriver: chrome on windows (ddb9762f9050bb8d5a4536720270547b)] -> xpath: //a[@href='/buy-a-car/new-car-search']]
2024-06-26 23:06:884 INFO  BuyPage :40 - select make[[ChromeDriver: chrome on windows (ddb9762f9050bb8d5a4536720270547b)] -> xpath: //select[@id='make']]
2024-06-26 23:06:603 INFO  BuyPage :49 - select model[[ChromeDriver: chrome on windows (ddb9762f9050bb8d5a4536720270547b)] -> xpath: //select[@id='model']]
2024-06-26 23:06:12 INFO  BuyPage :58 - select state[[ChromeDriver: chrome on windows (ddb9762f9050bb8d5a4536720270547b)] -> xpath: //select[@id='state']]
2024-06-26 23:06:395 INFO  BuyPage :69 - enter price[[ChromeDriver: chrome on windows (ddb9762f9050bb8d5a4536720270547b)] -> xpath: //select[@id='priceTo']]
2024-06-26 23:06:816 INFO  ManageBrowser :32 - Chrome Browser Launch.....
2024-06-27 00:06:38 INFO  ManageBrowser :32 - Chrome Browser Launch.....
2024-06-27 00:06:22 INFO  BuyPage :20 - click on buy and sell tab[[ChromeDriver: chrome on windows (4c8e40a7b758e360f2430fea8d039c25)] -> xpath: //a[contains(text(),'buy + sell')]]
2024-06-27 00:06:107 INFO  ManageBrowser :32 - Chrome Browser Launch.....
2024-06-27 00:06:71 INFO  BuyPage :20 - click on buy and sell tab[[ChromeDriver: chrome on windows (d6944211bd9bce3423827b5611050617)] -> xpath: //a[contains(text(),'buy + sell')]]
2024-06-27 00:06:602 INFO  ManageBrowser :32 - Chrome Browser Launch.....
2024-06-27 00:06:553 INFO  BuyPage :20 - click on buy and sell tab[[ChromeDriver: chrome on windows (6a614ec38316d9d32291237a42e6f552)] -> xpath: //a[contains(text(),'buy + sell')]]
2024-06-27 00:06:170 INFO  BuyPage :29 - click on new car[[ChromeDriver: chrome on windows (6a614ec38316d9d32291237a42e6f552)] -> xpath: //a[@href='/buy-a-car/new-car-search']]
2024-06-27 00:06:648 INFO  BuyPage :40 - select make[[ChromeDriver: chrome on windows (6a614ec38316d9d32291237a42e6f552)] -> xpath: //select[@id='make']]
2024-06-27 00:06:843 INFO  BuyPage :49 - select model[[ChromeDriver: chrome on windows (6a614ec38316d9d32291237a42e6f552)] -> xpath: //select[@id='model']]
2024-06-27 00:06:10 INFO  BuyPage :58 - select state[[ChromeDriver: chrome on windows (6a614ec38316d9d32291237a42e6f552)] -> xpath: //select[@id='state']]
2024-06-27 00:06:182 INFO  BuyPage :69 - enter price[[ChromeDriver: chrome on windows (6a614ec38316d9d32291237a42e6f552)] -> xpath: //select[@id='priceTo']]
2024-06-27 00:06:915 INFO  ManageBrowser :32 - Chrome Browser Launch.....
2024-06-27 00:06:598 INFO  BuyPage :20 - click on buy and sell tab[[ChromeDriver: chrome on windows (3c3a3b36a036032c90d0c7c171070f72)] -> xpath: //a[contains(text(),'buy + sell')]]
2024-06-27 00:06:07 INFO  BuyPage :29 - click on new car[[ChromeDriver: chrome on windows (3c3a3b36a036032c90d0c7c171070f72)] -> xpath: //a[@href='/buy-a-car/new-car-search']]
2024-06-27 00:06:576 INFO  BuyPage :40 - select make[[ChromeDriver: chrome on windows (3c3a3b36a036032c90d0c7c171070f72)] -> xpath: //select[@id='make']]
2024-06-27 00:06:807 INFO  BuyPage :49 - select model[[ChromeDriver: chrome on windows (3c3a3b36a036032c90d0c7c171070f72)] -> xpath: //select[@id='model']]
2024-06-27 00:06:38 INFO  BuyPage :58 - select state[[ChromeDriver: chrome on windows (3c3a3b36a036032c90d0c7c171070f72)] -> xpath: //select[@id='state']]
2024-06-27 00:06:240 INFO  BuyPage :69 - enter price[[ChromeDriver: chrome on windows (3c3a3b36a036032c90d0c7c171070f72)] -> xpath: //select[@id='priceTo']]
2024-06-27 00:06:494 INFO  ManageBrowser :32 - Chrome Browser Launch.....
2024-06-27 00:06:154 INFO  BuyPage :20 - click on buy and sell tab[[ChromeDriver: chrome on windows (34b67561fe3a5636e9821cee1c923168)] -> xpath: //a[contains(text(),'buy + sell')]]
2024-06-27 00:06:10 INFO  BuyPage :105 - click on used car tab[[ChromeDriver: chrome on windows (34b67561fe3a5636e9821cee1c923168)] -> xpath: //header/div[@id='u_H']/div[1]/div[1]/ul[1]/li[1]/div[1]/div[1]/div[1]/ul[1]/li[2]/a[1]]
2024-06-27 00:06:593 INFO  BuyPage :40 - select make[[ChromeDriver: chrome on windows (34b67561fe3a5636e9821cee1c923168)] -> xpath: //select[@id='make']]
2024-06-27 00:06:818 INFO  BuyPage :49 - select model[[ChromeDriver: chrome on windows (34b67561fe3a5636e9821cee1c923168)] -> xpath: //select[@id='model']]
2024-06-27 00:06:623 INFO  ManageBrowser :32 - Chrome Browser Launch.....
2024-06-27 00:06:179 INFO  BuyPage :20 - click on buy and sell tab[[ChromeDriver: chrome on windows (f381db2337ce8a6b0e510f1efd85ceff)] -> xpath: //a[contains(text(),'buy + sell')]]
2024-06-27 00:06:205 INFO  BuyPage :105 - click on used car tab[[ChromeDriver: chrome on windows (f381db2337ce8a6b0e510f1efd85ceff)] -> xpath: //header/div[@id='u_H']/div[1]/div[1]/ul[1]/li[1]/div[1]/div[1]/div[1]/ul[1]/li[2]/a[1]]
2024-06-27 00:06:200 INFO  BuyPage :40 - select make[[ChromeDriver: chrome on windows (f381db2337ce8a6b0e510f1efd85ceff)] -> xpath: //select[@id='make']]
2024-06-27 00:06:456 INFO  BuyPage :49 - select model[[ChromeDriver: chrome on windows (f381db2337ce8a6b0e510f1efd85ceff)] -> xpath: //select[@id='model']]
2024-06-27 00:06:653 INFO  BuyPage :58 - select state[[ChromeDriver: chrome on windows (f381db2337ce8a6b0e510f1efd85ceff)] -> xpath: //select[@id='state']]
2024-06-27 00:06:873 INFO  BuyPage :69 - enter price[[ChromeDriver: chrome on windows (f381db2337ce8a6b0e510f1efd85ceff)] -> xpath: //select[@id='priceTo']]
2024-06-27 00:06:541 INFO  ManageBrowser :32 - Chrome Browser Launch.....
2024-06-27 00:06:611 INFO  ManageBrowser :32 - Chrome Browser Launch.....
2024-06-27 00:06:366 INFO  BuyPage :20 - click on buy and sell tab[[ChromeDriver: chrome on windows (e8fe9123b7f01cd563298b2a4f7fda55)] -> xpath: //a[contains(text(),'buy + sell')]]
2024-06-27 00:06:617 INFO  BuyPage :105 - click on used car tab[[ChromeDriver: chrome on windows (e8fe9123b7f01cd563298b2a4f7fda55)] -> xpath: //header/div[@id='u_H']/div[1]/div[1]/ul[1]/li[1]/div[1]/div[1]/div[1]/ul[1]/li[2]/a[1]]
2024-06-27 00:06:408 INFO  BuyPage :40 - select make[[ChromeDriver: chrome on windows (e8fe9123b7f01cd563298b2a4f7fda55)] -> xpath: //select[@id='make']]
2024-06-27 00:06:630 INFO  BuyPage :49 - select model[[ChromeDriver: chrome on windows (e8fe9123b7f01cd563298b2a4f7fda55)] -> xpath: //select[@id='model']]
2024-06-27 00:06:844 INFO  BuyPage :58 - select state[[ChromeDriver: chrome on windows (e8fe9123b7f01cd563298b2a4f7fda55)] -> xpath: //select[@id='state']]
2024-06-27 00:06:80 INFO  BuyPage :69 - enter price[[ChromeDriver: chrome on windows (e8fe9123b7f01cd563298b2a4f7fda55)] -> xpath: //select[@id='priceTo']]
2024-06-27 00:06:757 INFO  BuyPage :114 - click on show[[ChromeDriver: chrome on windows (e8fe9123b7f01cd563298b2a4f7fda55)] -> xpath: //button[contains(text(),'Show used vehicles')]]
2024-06-27 00:06:115 INFO  ManageBrowser :32 - Chrome Browser Launch.....
2024-06-27 09:06:544 INFO  ManageBrowser :32 - Chrome Browser Launch.....
2024-06-27 09:06:185 INFO  BuyPage :20 - click on buy and sell tab[[ChromeDriver: chrome on windows (dad74f3571f028e2428a12ccc640e902)] -> xpath: //a[contains(text(),'buy + sell')]]
2024-06-27 09:06:374 INFO  BuyPage :19 - click on dealer[[ChromeDriver: chrome on windows (dad74f3571f028e2428a12ccc640e902)] -> xpath: //a[normalize-space()='Find a Dealer']]
2024-06-27 09:06:704 INFO  ManageBrowser :32 - Chrome Browser Launch.....
2024-06-27 09:06:951 INFO  BuyPage :20 - click on buy and sell tab[[ChromeDriver: chrome on windows (c1ddfe8ddad533eb65c879d453a8dab1)] -> xpath: //a[contains(text(),'buy + sell')]]
2024-06-27 09:06:286 INFO  ManageBrowser :32 - Chrome Browser Launch.....
2024-06-27 09:06:176 INFO  BuyPage :20 - click on buy and sell tab[[ChromeDriver: chrome on windows (388960e539da052cf7398adacf5838f6)] -> xpath: //a[contains(text(),'buy + sell')]]
2024-06-27 09:06:638 INFO  BuyPage :19 - click on dealer[[ChromeDriver: chrome on windows (388960e539da052cf7398adacf5838f6)] -> xpath: //a[normalize-space()='Find a Dealer']]
2024-06-27 09:06:462 INFO  ManageBrowser :32 - Chrome Browser Launch.....
2024-06-27 09:06:288 INFO  BuyPage :20 - click on buy and sell tab[[ChromeDriver: chrome on windows (de95afd645b278c6413ab31f018e1ddf)] -> xpath: //a[contains(text(),'buy + sell')]]
2024-06-27 09:06:592 INFO  BuyPage :19 - click on dealer[[ChromeDriver: chrome on windows (de95afd645b278c6413ab31f018e1ddf)] -> xpath: //a[normalize-space()='Find a Dealer']]
2024-06-27 09:06:854 INFO  ManageBrowser :32 - Chrome Browser Launch.....
2024-06-27 09:06:777 INFO  BuyPage :20 - click on buy and sell tab[[ChromeDriver: chrome on windows (7795fbdac65f2f2f4a02e44ee9a50b35)] -> xpath: //a[contains(text(),'buy + sell')]]
2024-06-27 09:06:482 INFO  BuyPage :19 - click on dealer[[ChromeDriver: chrome on windows (7795fbdac65f2f2f4a02e44ee9a50b35)] -> xpath: //a[normalize-space()='Find a Dealer']]
2024-06-27 09:06:901 INFO  ManageBrowser :32 - Chrome Browser Launch.....
2024-06-27 09:06:274 INFO  BuyPage :20 - click on buy and sell tab[[ChromeDriver: chrome on windows (cb4292b2315939ddc258898d60158114)] -> xpath: //a[contains(text(),'buy + sell')]]
2024-06-27 09:06:468 INFO  BuyPage :19 - click on dealer[[ChromeDriver: chrome on windows (cb4292b2315939ddc258898d60158114)] -> xpath: //a[normalize-space()='Find a Dealer']]
2024-06-27 09:06:499 INFO  ManageBrowser :32 - Chrome Browser Launch.....
2024-06-27 09:06:113 INFO  BuyPage :20 - click on buy and sell tab[[ChromeDriver: chrome on windows (7243ff4020aaba746a08e21a62f66590)] -> xpath: //a[contains(text(),'buy + sell')]]
2024-06-27 09:06:503 INFO  BuyPage :19 - click on dealer[[ChromeDriver: chrome on windows (7243ff4020aaba746a08e21a62f66590)] -> xpath: //a[normalize-space()='Find a Dealer']]
2024-06-27 09:06:542 INFO  ManageBrowser :32 - Chrome Browser Launch.....
2024-06-27 09:06:300 INFO  BuyPage :20 - click on buy and sell tab[[ChromeDriver: chrome on windows (43d792f0ca996ce737d4e325533b4ef9)] -> xpath: //a[contains(text(),'buy + sell')]]
2024-06-27 09:06:953 INFO  BuyPage :19 - click on dealer[[ChromeDriver: chrome on windows (43d792f0ca996ce737d4e325533b4ef9)] -> xpath: //a[normalize-space()='Find a Dealer']]
2024-06-27 09:06:915 INFO  ManageBrowser :32 - Chrome Browser Launch.....
2024-06-27 09:06:390 INFO  BuyPage :20 - click on buy and sell tab[[ChromeDriver: chrome on windows (d8e6ec0e39d50f08709cb69cd1606689)] -> xpath: //a[contains(text(),'buy + sell')]]
2024-06-27 10:06:853 INFO  ManageBrowser :32 - Chrome Browser Launch.....
2024-06-27 10:06:600 INFO  BuyPage :20 - click on buy and sell tab[[ChromeDriver: chrome on windows (c94adc46085eb0631cf82ef71dc2216e)] -> xpath: //a[contains(text(),'buy + sell')]]
2024-06-27 10:06:164 INFO  BuyPage :19 - click on dealer[[ChromeDriver: chrome on windows (c94adc46085eb0631cf82ef71dc2216e)] -> xpath: //a[normalize-space()='Find a Dealer']]
2024-06-27 10:06:10 INFO  ManageBrowser :32 - Chrome Browser Launch.....
2024-06-27 10:06:685 INFO  BuyPage :20 - click on buy and sell tab[[ChromeDriver: chrome on windows (aa7bed400345594a2aecba40a37c5435)] -> xpath: //a[contains(text(),'buy + sell')]]
2024-06-27 10:06:590 INFO  ManageBrowser :32 - Chrome Browser Launch.....
2024-06-27 10:06:605 INFO  BuyPage :20 - click on buy and sell tab[[ChromeDriver: chrome on windows (def16a50de1354538b0fcc54e4e3c690)] -> xpath: //a[contains(text(),'buy + sell')]]
2024-06-27 10:06:699 INFO  ManageBrowser :32 - Chrome Browser Launch.....
2024-06-27 10:06:50 INFO  BuyPage :20 - click on buy and sell tab[[ChromeDriver: chrome on windows (224f41bfe51fc4fb15742645fb4d4392)] -> xpath: //a[contains(text(),'buy + sell')]]
2024-06-27 10:06:649 INFO  BuyPage :19 - click on dealer[[ChromeDriver: chrome on windows (224f41bfe51fc4fb15742645fb4d4392)] -> xpath: //a[normalize-space()='Find a Dealer']]
2024-06-27 16:06:04 INFO  ManageBrowser :32 - Chrome Browser Launch.....
2024-06-27 16:06:508 INFO  BuyPage :20 - click on buy and sell tab[[ChromeDriver: chrome on windows (083fa7b34734343b3c9d87046ed7573c)] -> xpath: //a[contains(text(),'buy + sell')]]
2024-06-27 16:06:920 INFO  BuyPage :21 - click on dealer[[ChromeDriver: chrome on windows (083fa7b34734343b3c9d87046ed7573c)] -> xpath: //a[normalize-space()='Find a Dealer']]
2024-06-27 21:06:270 INFO  ManageBrowser :32 - Chrome Browser Launch.....
2024-06-27 21:06:02 INFO  BuyPage :20 - click on buy and sell tab[[ChromeDriver: chrome on windows (2aa68000933691016f32969da7ce08fb)] -> xpath: //a[contains(text(),'buy + sell')]]
2024-06-27 21:06:301 INFO  ManageBrowser :32 - Chrome Browser Launch.....
2024-06-27 21:06:149 INFO  BuyPage :20 - click on buy and sell tab[[ChromeDriver: chrome on windows (9e2155247060f3ec6b8686871e413f14)] -> xpath: //a[contains(text(),'buy + sell')]]
2024-06-27 21:06:409 INFO  BuyPage :21 - click on dealer[[ChromeDriver: chrome on windows (9e2155247060f3ec6b8686871e413f14)] -> xpath: //a[normalize-space()='Find a Dealer']]
2024-06-27 21:06:269 INFO  ManageBrowser :32 - Chrome Browser Launch.....
2024-06-27 21:06:343 INFO  BuyPage :20 - click on buy and sell tab[[ChromeDriver: chrome on windows (a1470b87c420cc10068ca991eef6477a)] -> xpath: //a[contains(text(),'buy + sell')]]
2024-06-27 22:06:785 INFO  ManageBrowser :32 - Chrome Browser Launch.....
2024-06-27 22:06:951 INFO  BuyPage :20 - click on buy and sell tab[[ChromeDriver: chrome on windows (2ec611b0e48dd02e47fbd55105d3a41a)] -> xpath: //a[contains(text(),'buy + sell')]]
2024-06-27 22:06:848 INFO  BuyPage :21 - click on dealer[[ChromeDriver: chrome on windows (2ec611b0e48dd02e47fbd55105d3a41a)] -> xpath: //a[normalize-space()='Find a Dealer']]
2024-06-27 22:06:998 INFO  ManageBrowser :32 - Chrome Browser Launch.....
2024-06-27 22:06:584 INFO  BuyPage :20 - click on buy and sell tab[[ChromeDriver: chrome on windows (758521454e50508b108c083d971ece86)] -> xpath: //a[contains(text(),'buy + sell')]]
2024-06-27 22:06:306 INFO  BuyPage :21 - click on dealer[[ChromeDriver: chrome on windows (758521454e50508b108c083d971ece86)] -> xpath: //a[normalize-space()='Find a Dealer']]
2024-06-27 22:06:237 INFO  ManageBrowser :32 - Chrome Browser Launch.....
2024-06-27 22:06:50 INFO  BuyPage :20 - click on buy and sell tab[[ChromeDriver: chrome on windows (b1d5a762c719f05efe024f4224e93c32)] -> xpath: //a[contains(text(),'buy + sell')]]
2024-06-27 22:06:815 INFO  BuyPage :21 - click on dealer[[ChromeDriver: chrome on windows (b1d5a762c719f05efe024f4224e93c32)] -> xpath: //a[normalize-space()='Find a Dealer']]
2024-06-28 06:06:820 INFO  ManageBrowser :32 - Chrome Browser Launch.....
2024-06-28 06:06:991 INFO  BuyPage :20 - click on buy and sell tab[[ChromeDriver: chrome on windows (33a2fbf9c79c6573937dd4505cc14f02)] -> xpath: //a[contains(text(),'buy + sell')]]
2024-06-28 06:06:68 INFO  BuyPage :21 - click on dealer[[ChromeDriver: chrome on windows (33a2fbf9c79c6573937dd4505cc14f02)] -> xpath: //a[normalize-space()='Find a Dealer']]
2024-06-28 06:06:121 INFO  ManageBrowser :32 - Chrome Browser Launch.....
2024-06-28 06:06:671 INFO  BuyPage :20 - click on buy and sell tab[[ChromeDriver: chrome on windows (97c7d91cf595483ac5cf9df9ae351029)] -> xpath: //a[contains(text(),'buy + sell')]]
2024-06-28 06:06:890 INFO  BuyPage :21 - click on dealer[[ChromeDriver: chrome on windows (97c7d91cf595483ac5cf9df9ae351029)] -> xpath: //a[normalize-space()='Find a Dealer']]
2024-06-29 09:06:729 INFO  ManageBrowser :32 - Chrome Browser Launch.....
2024-06-29 09:06:328 INFO  BuyPage :20 - click on buy and sell tab[[ChromeDriver: chrome on windows (39d4f11885b1d69bb07bcf143652b9eb)] -> xpath: //a[contains(text(),'buy + sell')]]
2024-08-30 12:08:837 INFO  ManageBrowser :32 - Chrome Browser Launch.....
2024-08-30 12:08:883 INFO  BuyPage :20 - click on buy and sell tab[[ChromeDriver: chrome on windows (b14d9cef2c607df780fb47f61a45a8fe)] -> xpath: //a[contains(text(),'buy + sell')]]
2024-09-02 14:09:784 INFO  ManageBrowser :32 - Chrome Browser Launch.....
2024-09-02 14:09:679 INFO  BuyPage :20 - click on buy and sell tab[[ChromeDriver: chrome on windows (f9bc232c139223592968c6eaa173cd50)] -> xpath: //a[contains(text(),'buy + sell')]]
